<?xml version="1.0" encoding="UTF-8"?>
<!-- Generated by org.testng.reporters.JUnitReportReporter -->
<testsuite hostname="IN-PG02LY71" failures="0" tests="1" name="RestAPI.PatchRequest" time="1.680" errors="0" timestamp="04 Dec 2022 04:32:50 GMT" skipped="0">
  <testcase classname="RestAPI.PatchRequest" name="test7" time="1.680"/>
</testsuite> <!-- RestAPI.PatchRequest -->
