<?xml version="1.0" encoding="UTF-8"?>
<!-- Generated by org.testng.reporters.JUnitReportReporter -->
<testsuite hostname="IN-PG02LY71" failures="0" tests="1" name="RestAPI.PostRequestwithFileDatadriven" time="1.371" errors="0" timestamp="04 Dec 2022 04:16:32 GMT" skipped="0">
  <testcase classname="RestAPI.PostRequestwithFileDatadriven" name="test5" time="1.371"/>
</testsuite> <!-- RestAPI.PostRequestwithFileDatadriven -->
