<?xml version="1.0" encoding="UTF-8"?>
<!-- Generated by org.testng.reporters.JUnitReportReporter -->
<testsuite hostname="IN-PG02LY71" failures="0" tests="1" name="RestAPI.PostRequestwithMap" time="1.724" errors="0" timestamp="03 Dec 2022 07:24:30 GMT" skipped="0">
  <testcase classname="RestAPI.PostRequestwithMap" name="test4" time="1.724"/>
</testsuite> <!-- RestAPI.PostRequestwithMap -->
