<?xml version="1.0" encoding="UTF-8"?>
<!-- Generated by org.testng.reporters.JUnitReportReporter -->
<testsuite hostname="IN-PG02LY71" failures="0" tests="1" name="RestAPI.Deleterequest" time="1.330" errors="0" timestamp="04 Dec 2022 04:46:13 GMT" skipped="0">
  <testcase classname="RestAPI.Deleterequest" name="test8" time="1.330"/>
</testsuite> <!-- RestAPI.Deleterequest -->
