<?xml version="1.0" encoding="UTF-8"?>
<!-- Generated by org.testng.reporters.JUnitReportReporter -->
<testsuite hostname="IN-PG02LY71" failures="0" tests="1" name="RestAPI.PostRequest" time="2.599" errors="0" timestamp="03 Dec 2022 07:03:16 GMT" skipped="0">
  <testcase classname="RestAPI.PostRequest" name="test3" time="2.599"/>
</testsuite> <!-- RestAPI.PostRequest -->
