<?xml version="1.0" encoding="UTF-8"?>
<!-- Generated by org.testng.reporters.JUnitReportReporter -->
<testsuite hostname="IN-PG02LY71" failures="0" tests="1" name="RestAPI.GetRequestwithParameter" time="2.136" errors="0" timestamp="03 Dec 2022 06:24:39 GMT" skipped="0">
  <testcase classname="RestAPI.GetRequestwithParameter" name="test2" time="2.136"/>
</testsuite> <!-- RestAPI.GetRequestwithParameter -->
