<?xml version="1.0" encoding="UTF-8"?>
<!-- Generated by org.testng.reporters.JUnitReportReporter -->
<testsuite hostname="IN-PG02LY71" failures="0" tests="1" name="APIBDD.PostRequest" time="2.415" errors="0" timestamp="04 Dec 2022 06:44:42 GMT" skipped="0">
  <testcase classname="APIBDD.PostRequest" name="Test2" time="2.415"/>
</testsuite> <!-- APIBDD.PostRequest -->
