<?xml version="1.0" encoding="UTF-8"?>
<!-- Generated by org.testng.reporters.JUnitReportReporter -->
<testsuite hostname="IN-PG02LY71" failures="0" tests="1" name="RestAPI.PutRequest" time="1.542" errors="0" timestamp="04 Dec 2022 04:26:03 GMT" skipped="0">
  <testcase classname="RestAPI.PutRequest" name="test6" time="1.542"/>
</testsuite> <!-- RestAPI.PutRequest -->
