<?xml version="1.0" encoding="UTF-8"?>
<!-- Generated by org.testng.reporters.JUnitReportReporter -->
<testsuite hostname="IN-PG02LY71" failures="0" tests="3" name="APIBDD.GetRequest" time="2.108" errors="0" timestamp="04 Dec 2022 06:52:37 GMT" skipped="0">
  <testcase classname="APIBDD.GetRequest" name="test3" time="0.083"/>
  <testcase classname="APIBDD.GetRequest" name="test1" time="1.428"/>
  <testcase classname="APIBDD.GetRequest" name="test2" time="0.597"/>
</testsuite> <!-- APIBDD.GetRequest -->
