<?xml version="1.0" encoding="UTF-8"?>
<!-- Generated by org.testng.reporters.JUnitReportReporter -->
<testsuite hostname="IN-PG02LY71" failures="0" tests="1" name="RestAPI.GetRequest" time="1.887" errors="0" timestamp="04 Dec 2022 04:24:03 GMT" skipped="0">
  <testcase classname="RestAPI.GetRequest" name="test1" time="1.887"/>
</testsuite> <!-- RestAPI.GetRequest -->
